  Asteroid.cpp
C:\Users\yuehe\source\repos\cpp\Gigagames\Projects\2. Asteroids\dependencies\includes\camera\camera.h(89,16): warning C4244: '+=': conversion from 'double' to 'float', possible loss of data
C:\Users\yuehe\source\repos\cpp\Gigagames\Projects\2. Asteroids\dependencies\includes\camera\camera.h(90,18): warning C4244: '+=': conversion from 'double' to 'float', possible loss of data
  Game.cpp
C:\Users\yuehe\source\repos\cpp\Gigagames\Projects\2. Asteroids\dependencies\includes\camera\camera.h(89,16): warning C4244: '+=': conversion from 'double' to 'float', possible loss of data
C:\Users\yuehe\source\repos\cpp\Gigagames\Projects\2. Asteroids\dependencies\includes\camera\camera.h(90,18): warning C4244: '+=': conversion from 'double' to 'float', possible loss of data
C:\Users\yuehe\source\repos\cpp\Gigagames\Projects\2. Asteroids\BaseProject\Game.cpp(5,15): warning C4244: 'argument': conversion from 'time_t' to 'unsigned int', possible loss of data
C:\Users\yuehe\source\repos\cpp\Gigagames\Projects\2. Asteroids\BaseProject\Game.cpp(38,24): warning C4244: 'initializing': conversion from 'double' to 'float', possible loss of data
C:\Users\yuehe\source\repos\cpp\Gigagames\Projects\2. Asteroids\BaseProject\Game.cpp(68,5): warning C4267: 'initializing': conversion from 'size_t' to 'int', possible loss of data
C:\Users\yuehe\source\repos\cpp\Gigagames\Projects\2. Asteroids\BaseProject\Game.cpp(73,9): warning C4267: 'initializing': conversion from 'size_t' to 'int', possible loss of data
C:\Users\yuehe\source\repos\cpp\Gigagames\Projects\2. Asteroids\BaseProject\Game.cpp(156,5): warning C4267: 'initializing': conversion from 'size_t' to 'int', possible loss of data
  Game.h
C:\Users\yuehe\source\repos\cpp\Gigagames\Projects\2. Asteroids\dependencies\includes\camera\camera.h(89,16): warning C4244: '+=': conversion from 'double' to 'float', possible loss of data
C:\Users\yuehe\source\repos\cpp\Gigagames\Projects\2. Asteroids\dependencies\includes\camera\camera.h(90,18): warning C4244: '+=': conversion from 'double' to 'float', possible loss of data
  GameObject.cpp
C:\Users\yuehe\source\repos\cpp\Gigagames\Projects\2. Asteroids\dependencies\includes\camera\camera.h(89,16): warning C4244: '+=': conversion from 'double' to 'float', possible loss of data
C:\Users\yuehe\source\repos\cpp\Gigagames\Projects\2. Asteroids\dependencies\includes\camera\camera.h(90,18): warning C4244: '+=': conversion from 'double' to 'float', possible loss of data
C:\Users\yuehe\source\repos\cpp\Gigagames\Projects\2. Asteroids\BaseProject\GameObject.cpp(59,68): warning C4267: 'argument': conversion from 'size_t' to 'GLsizei', possible loss of data
  Image.cpp
  main.cpp
C:\Users\yuehe\source\repos\cpp\Gigagames\Projects\2. Asteroids\dependencies\includes\camera\camera.h(89,16): warning C4244: '+=': conversion from 'double' to 'float', possible loss of data
C:\Users\yuehe\source\repos\cpp\Gigagames\Projects\2. Asteroids\dependencies\includes\camera\camera.h(90,18): warning C4244: '+=': conversion from 'double' to 'float', possible loss of data
  Projectile.cpp
C:\Users\yuehe\source\repos\cpp\Gigagames\Projects\2. Asteroids\dependencies\includes\camera\camera.h(89,16): warning C4244: '+=': conversion from 'double' to 'float', possible loss of data
C:\Users\yuehe\source\repos\cpp\Gigagames\Projects\2. Asteroids\dependencies\includes\camera\camera.h(90,18): warning C4244: '+=': conversion from 'double' to 'float', possible loss of data
  Ship.cpp
C:\Users\yuehe\source\repos\cpp\Gigagames\Projects\2. Asteroids\dependencies\includes\camera\camera.h(89,16): warning C4244: '+=': conversion from 'double' to 'float', possible loss of data
C:\Users\yuehe\source\repos\cpp\Gigagames\Projects\2. Asteroids\dependencies\includes\camera\camera.h(90,18): warning C4244: '+=': conversion from 'double' to 'float', possible loss of data
  Generating Code...
  glad.c
x64\Debug\Game.obj : warning LNK4042: object specified more than once; extras ignored
glfw3.lib(window.obj) : warning LNK4099: PDB 'glfw3.pdb' was not found with 'glfw3.lib(window.obj)' or at 'C:\Users\yuehe\source\repos\cpp\Gigagames\Projects\2. Asteroids\x64\Debug\glfw3.pdb'; linking object as if no debug info
glfw3.lib(input.obj) : warning LNK4099: PDB 'glfw3.pdb' was not found with 'glfw3.lib(input.obj)' or at 'C:\Users\yuehe\source\repos\cpp\Gigagames\Projects\2. Asteroids\x64\Debug\glfw3.pdb'; linking object as if no debug info
glfw3.lib(context.obj) : warning LNK4099: PDB 'glfw3.pdb' was not found with 'glfw3.lib(context.obj)' or at 'C:\Users\yuehe\source\repos\cpp\Gigagames\Projects\2. Asteroids\x64\Debug\glfw3.pdb'; linking object as if no debug info
glfw3.lib(init.obj) : warning LNK4099: PDB 'glfw3.pdb' was not found with 'glfw3.lib(init.obj)' or at 'C:\Users\yuehe\source\repos\cpp\Gigagames\Projects\2. Asteroids\x64\Debug\glfw3.pdb'; linking object as if no debug info
glfw3.lib(win32_window.obj) : warning LNK4099: PDB 'glfw3.pdb' was not found with 'glfw3.lib(win32_window.obj)' or at 'C:\Users\yuehe\source\repos\cpp\Gigagames\Projects\2. Asteroids\x64\Debug\glfw3.pdb'; linking object as if no debug info
glfw3.lib(win32_thread.obj) : warning LNK4099: PDB 'glfw3.pdb' was not found with 'glfw3.lib(win32_thread.obj)' or at 'C:\Users\yuehe\source\repos\cpp\Gigagames\Projects\2. Asteroids\x64\Debug\glfw3.pdb'; linking object as if no debug info
glfw3.lib(win32_joystick.obj) : warning LNK4099: PDB 'glfw3.pdb' was not found with 'glfw3.lib(win32_joystick.obj)' or at 'C:\Users\yuehe\source\repos\cpp\Gigagames\Projects\2. Asteroids\x64\Debug\glfw3.pdb'; linking object as if no debug info
glfw3.lib(win32_time.obj) : warning LNK4099: PDB 'glfw3.pdb' was not found with 'glfw3.lib(win32_time.obj)' or at 'C:\Users\yuehe\source\repos\cpp\Gigagames\Projects\2. Asteroids\x64\Debug\glfw3.pdb'; linking object as if no debug info
glfw3.lib(win32_init.obj) : warning LNK4099: PDB 'glfw3.pdb' was not found with 'glfw3.lib(win32_init.obj)' or at 'C:\Users\yuehe\source\repos\cpp\Gigagames\Projects\2. Asteroids\x64\Debug\glfw3.pdb'; linking object as if no debug info
glfw3.lib(win32_monitor.obj) : warning LNK4099: PDB 'glfw3.pdb' was not found with 'glfw3.lib(win32_monitor.obj)' or at 'C:\Users\yuehe\source\repos\cpp\Gigagames\Projects\2. Asteroids\x64\Debug\glfw3.pdb'; linking object as if no debug info
glfw3.lib(monitor.obj) : warning LNK4099: PDB 'glfw3.pdb' was not found with 'glfw3.lib(monitor.obj)' or at 'C:\Users\yuehe\source\repos\cpp\Gigagames\Projects\2. Asteroids\x64\Debug\glfw3.pdb'; linking object as if no debug info
glfw3.lib(vulkan.obj) : warning LNK4099: PDB 'glfw3.pdb' was not found with 'glfw3.lib(vulkan.obj)' or at 'C:\Users\yuehe\source\repos\cpp\Gigagames\Projects\2. Asteroids\x64\Debug\glfw3.pdb'; linking object as if no debug info
glfw3.lib(wgl_context.obj) : warning LNK4099: PDB 'glfw3.pdb' was not found with 'glfw3.lib(wgl_context.obj)' or at 'C:\Users\yuehe\source\repos\cpp\Gigagames\Projects\2. Asteroids\x64\Debug\glfw3.pdb'; linking object as if no debug info
glfw3.lib(egl_context.obj) : warning LNK4099: PDB 'glfw3.pdb' was not found with 'glfw3.lib(egl_context.obj)' or at 'C:\Users\yuehe\source\repos\cpp\Gigagames\Projects\2. Asteroids\x64\Debug\glfw3.pdb'; linking object as if no debug info
glfw3.lib(osmesa_context.obj) : warning LNK4099: PDB 'glfw3.pdb' was not found with 'glfw3.lib(osmesa_context.obj)' or at 'C:\Users\yuehe\source\repos\cpp\Gigagames\Projects\2. Asteroids\x64\Debug\glfw3.pdb'; linking object as if no debug info
  BaseProject.vcxproj -> C:\Users\yuehe\source\repos\cpp\Gigagames\Projects\2. Asteroids\x64\Debug\BaseProject.exe
